# JRE version: Java(TM) SE Runtime Environment (24.0+36) (build 24+36-3646)
# Java VM: Java HotSpot(TM) 64-Bit Server VM (24+36-3646, mixed mode, sharing, tiered, compressed oops, compressed class ptrs, parallel gc, windows-amd64)
GC Precious Log:
 CardTable entry size: 512
 CPUs: 12 total, 12 available
 Memory: 16318M
 Large Page Support: Disabled
 NUMA Support: Disabled
 Compressed Oops: Enabled (32-bit)
 Alignments: Space 512K, Generation 512K, Heap 2M
 Heap Min Capacity: 100M
 Heap Initial Capacity: 100M
 Heap Max Capacity: 2G
 Pre-touch: Disabled
 Parallel Workers: 10
Heap:
 PSYoungGen      total 34304K, used 28175K [0x00000000d5580000, 0x00000000d7c80000, 0x0000000100000000)
  eden space 32256K, 86% used [0x00000000d5580000,0x00000000d70cbc00,0x00000000d7500000)
  from space 2048K, 10% used [0x00000000d7600000,0x00000000d7638000,0x00000000d7800000)
  to   space 1024K, 65% used [0x00000000d7500000,0x00000000d75a8020,0x00000000d7600000)
 ParOldGen       total 585216K, used 584293K [0x0000000080000000, 0x00000000a3b80000, 0x00000000d5580000)
  object space 585216K, 99% used [0x0000000080000000,0x00000000a3a99508,0x00000000a3b80000)
 Metaspace       used 77551K, committed 79040K, reserved 1179648K
  class space    used 7195K, committed 7808K, reserved 1048576K
GC Heap History (20 events):
Event: 211.871 GC heap before
{Heap before GC invocations=166 (full 3):
 PSYoungGen      total 30720K, used 30719K [0x00000000d5580000, 0x00000000d7a00000, 0x0000000100000000)
  eden space 30208K, 99% used [0x00000000d5580000,0x00000000d72fffe8,0x00000000d7300000)
  from space 512K, 100% used [0x00000000d7600000,0x00000000d7680000,0x00000000d7680000)
  to   space 3072K, 0% used [0x00000000d7300000,0x00000000d7300000,0x00000000d7600000)
 ParOldGen       total 563712K, used 563410K [0x0000000080000000, 0x00000000a2680000, 0x00000000d5580000)
  object space 563712K, 99% used [0x0000000080000000,0x00000000a2634a78,0x00000000a2680000)
 Metaspace       used 76341K, committed 77824K, reserved 1179648K
  class space    used 7120K, committed 7744K, reserved 1048576K
}
Event: 211.873 GC heap after
{Heap after GC invocations=166 (full 3):
 PSYoungGen      total 32768K, used 3072K [0x00000000d5580000, 0x00000000d7c80000, 0x0000000100000000)
  eden space 29696K, 0% used [0x00000000d5580000,0x00000000d5580000,0x00000000d7280000)
  from space 3072K, 100% used [0x00000000d7300000,0x00000000d7600000,0x00000000d7600000)
  to   space 5120K, 0% used [0x00000000d7780000,0x00000000d7780000,0x00000000d7c80000)
 ParOldGen       total 564736K, used 564610K [0x0000000080000000, 0x00000000a2780000, 0x00000000d5580000)
  object space 564736K, 99% used [0x0000000080000000,0x00000000a2760aa8,0x00000000a2780000)
 Metaspace       used 76341K, committed 77824K, reserved 1179648K
  class space    used 7120K, committed 7744K, reserved 1048576K
}
Event: 215.835 GC heap before
{Heap before GC invocations=167 (full 3):
 PSYoungGen      total 32768K, used 32768K [0x00000000d5580000, 0x00000000d7c80000, 0x0000000100000000)
  eden space 29696K, 100% used [0x00000000d5580000,0x00000000d7280000,0x00000000d7280000)
  from space 3072K, 100% used [0x00000000d7300000,0x00000000d7600000,0x00000000d7600000)
  to   space 5120K, 0% used [0x00000000d7780000,0x00000000d7780000,0x00000000d7c80000)
 ParOldGen       total 564736K, used 564610K [0x0000000080000000, 0x00000000a2780000, 0x00000000d5580000)
  object space 564736K, 99% used [0x0000000080000000,0x00000000a2760aa8,0x00000000a2780000)
 Metaspace       used 76793K, committed 78336K, reserved 1179648K
  class space    used 7149K, committed 7808K, reserved 1048576K
}
Event: 215.837 GC heap after
{Heap after GC invocations=167 (full 3):
 PSYoungGen      total 30208K, used 880K [0x00000000d5580000, 0x00000000d7880000, 0x0000000100000000)
  eden space 29184K, 0% used [0x00000000d5580000,0x00000000d5580000,0x00000000d7200000)
  from space 1024K, 85% used [0x00000000d7780000,0x00000000d785c050,0x00000000d7880000)
  to   space 2560K, 0% used [0x00000000d7380000,0x00000000d7380000,0x00000000d7600000)
 ParOldGen       total 567808K, used 567668K [0x0000000080000000, 0x00000000a2a80000, 0x00000000d5580000)
  object space 567808K, 99% used [0x0000000080000000,0x00000000a2a5d3a8,0x00000000a2a80000)
 Metaspace       used 76793K, committed 78336K, reserved 1179648K
  class space    used 7149K, committed 7808K, reserved 1048576K
}
Event: 218.132 GC heap before
{Heap before GC invocations=168 (full 3):
 PSYoungGen      total 30208K, used 30064K [0x00000000d5580000, 0x00000000d7880000, 0x0000000100000000)
  eden space 29184K, 100% used [0x00000000d5580000,0x00000000d7200000,0x00000000d7200000)
  from space 1024K, 85% used [0x00000000d7780000,0x00000000d785c050,0x00000000d7880000)
  to   space 2560K, 0% used [0x00000000d7380000,0x00000000d7380000,0x00000000d7600000)
 ParOldGen       total 567808K, used 567668K [0x0000000080000000, 0x00000000a2a80000, 0x00000000d5580000)
  object space 567808K, 99% used [0x0000000080000000,0x00000000a2a5d3a8,0x00000000a2a80000)
 Metaspace       used 76987K, committed 78528K, reserved 1179648K
  class space    used 7151K, committed 7808K, reserved 1048576K
}
Event: 218.134 GC heap after
{Heap after GC invocations=168 (full 3):
 PSYoungGen      total 31232K, used 2535K [0x00000000d5580000, 0x00000000d7f80000, 0x0000000100000000)
  eden space 28672K, 0% used [0x00000000d5580000,0x00000000d5580000,0x00000000d7180000)
  from space 2560K, 99% used [0x00000000d7380000,0x00000000d75f9c00,0x00000000d7600000)
  to   space 7168K, 0% used [0x00000000d7880000,0x00000000d7880000,0x00000000d7f80000)
 ParOldGen       total 571392K, used 571332K [0x0000000080000000, 0x00000000a2e00000, 0x00000000d5580000)
  object space 571392K, 99% used [0x0000000080000000,0x00000000a2df13c8,0x00000000a2e00000)
 Metaspace       used 76987K, committed 78528K, reserved 1179648K
  class space    used 7151K, committed 7808K, reserved 1048576K
}
Event: 218.229 GC heap before
{Heap before GC invocations=169 (full 3):
 PSYoungGen      total 31232K, used 23633K [0x00000000d5580000, 0x00000000d7f80000, 0x0000000100000000)
  eden space 28672K, 73% used [0x00000000d5580000,0x00000000d6a1ab18,0x00000000d7180000)
  from space 2560K, 99% used [0x00000000d7380000,0x00000000d75f9c00,0x00000000d7600000)
  to   space 7168K, 0% used [0x00000000d7880000,0x00000000d7880000,0x00000000d7f80000)
 ParOldGen       total 571392K, used 571332K [0x0000000080000000, 0x00000000a2e00000, 0x00000000d5580000)
  object space 571392K, 99% used [0x0000000080000000,0x00000000a2df13c8,0x00000000a2e00000)
 Metaspace       used 77008K, committed 78528K, reserved 1179648K
  class space    used 7151K, committed 7808K, reserved 1048576K
}
Event: 218.230 GC heap after
{Heap after GC invocations=169 (full 3):
 PSYoungGen      total 31744K, used 352K [0x00000000d5580000, 0x00000000d7900000, 0x0000000100000000)
  eden space 31232K, 0% used [0x00000000d5580000,0x00000000d5580000,0x00000000d7400000)
  from space 512K, 68% used [0x00000000d7880000,0x00000000d78d8000,0x00000000d7900000)
  to   space 2560K, 0% used [0x00000000d7400000,0x00000000d7400000,0x00000000d7680000)
 ParOldGen       total 572416K, used 572007K [0x0000000080000000, 0x00000000a2f00000, 0x00000000d5580000)
  object space 572416K, 99% used [0x0000000080000000,0x00000000a2e99cf8,0x00000000a2f00000)
 Metaspace       used 77008K, committed 78528K, reserved 1179648K
  class space    used 7151K, committed 7808K, reserved 1048576K
}
Event: 218.237 GC heap before
{Heap before GC invocations=170 (full 3):
 PSYoungGen      total 31744K, used 31584K [0x00000000d5580000, 0x00000000d7900000, 0x0000000100000000)
  eden space 31232K, 100% used [0x00000000d5580000,0x00000000d7400000,0x00000000d7400000)
  from space 512K, 68% used [0x00000000d7880000,0x00000000d78d8000,0x00000000d7900000)
  to   space 2560K, 0% used [0x00000000d7400000,0x00000000d7400000,0x00000000d7680000)
 ParOldGen       total 572416K, used 572007K [0x0000000080000000, 0x00000000a2f00000, 0x00000000d5580000)
  object space 572416K, 99% used [0x0000000080000000,0x00000000a2e99cf8,0x00000000a2f00000)
 Metaspace       used 77009K, committed 78528K, reserved 1179648K
  class space    used 7151K, committed 7808K, reserved 1048576K
}
Event: 218.238 GC heap after
{Heap after GC invocations=170 (full 3):
 PSYoungGen      total 33792K, used 320K [0x00000000d5580000, 0x00000000d7900000, 0x0000000100000000)
  eden space 31232K, 0% used [0x00000000d5580000,0x00000000d5580000,0x00000000d7400000)
  from space 2560K, 12% used [0x00000000d7400000,0x00000000d7450000,0x00000000d7680000)
  to   space 1024K, 0% used [0x00000000d7800000,0x00000000d7800000,0x00000000d7900000)
 ParOldGen       total 572416K, used 572135K [0x0000000080000000, 0x00000000a2f00000, 0x00000000d5580000)
  object space 572416K, 99% used [0x0000000080000000,0x00000000a2eb9cf8,0x00000000a2f00000)
 Metaspace       used 77009K, committed 78528K, reserved 1179648K
  class space    used 7151K, committed 7808K, reserved 1048576K
}
Event: 228.827 GC heap before
{Heap before GC invocations=171 (full 3):
 PSYoungGen      total 33792K, used 31552K [0x00000000d5580000, 0x00000000d7900000, 0x0000000100000000)
  eden space 31232K, 100% used [0x00000000d5580000,0x00000000d7400000,0x00000000d7400000)
  from space 2560K, 12% used [0x00000000d7400000,0x00000000d7450000,0x00000000d7680000)
  to   space 1024K, 0% used [0x00000000d7800000,0x00000000d7800000,0x00000000d7900000)
 ParOldGen       total 572416K, used 572135K [0x0000000080000000, 0x00000000a2f00000, 0x00000000d5580000)
  object space 572416K, 99% used [0x0000000080000000,0x00000000a2eb9cf8,0x00000000a2f00000)
 Metaspace       used 77272K, committed 78784K, reserved 1179648K
  class space    used 7177K, committed 7808K, reserved 1048576K
}
Event: 228.828 GC heap after
{Heap after GC invocations=171 (full 3):
 PSYoungGen      total 34304K, used 928K [0x00000000d5580000, 0x00000000d7900000, 0x0000000100000000)
  eden space 33280K, 0% used [0x00000000d5580000,0x00000000d5580000,0x00000000d7600000)
  from space 1024K, 90% used [0x00000000d7800000,0x00000000d78e8020,0x00000000d7900000)
  to   space 1536K, 0% used [0x00000000d7600000,0x00000000d7600000,0x00000000d7780000)
 ParOldGen       total 572416K, used 572167K [0x0000000080000000, 0x00000000a2f00000, 0x00000000d5580000)
  object space 572416K, 99% used [0x0000000080000000,0x00000000a2ec1cf8,0x00000000a2f00000)
 Metaspace       used 77272K, committed 78784K, reserved 1179648K
  class space    used 7177K, committed 7808K, reserved 1048576K
}
Event: 228.883 GC heap before
{Heap before GC invocations=172 (full 3):
 PSYoungGen      total 34304K, used 34208K [0x00000000d5580000, 0x00000000d7900000, 0x0000000100000000)
  eden space 33280K, 100% used [0x00000000d5580000,0x00000000d7600000,0x00000000d7600000)
  from space 1024K, 90% used [0x00000000d7800000,0x00000000d78e8020,0x00000000d7900000)
  to   space 1536K, 0% used [0x00000000d7600000,0x00000000d7600000,0x00000000d7780000)
 ParOldGen       total 572416K, used 572167K [0x0000000080000000, 0x00000000a2f00000, 0x00000000d5580000)
  object space 572416K, 99% used [0x0000000080000000,0x00000000a2ec1cf8,0x00000000a2f00000)
 Metaspace       used 77330K, committed 78848K, reserved 1179648K
  class space    used 7177K, committed 7808K, reserved 1048576K
}
Event: 228.884 GC heap after
{Heap after GC invocations=172 (full 3):
 PSYoungGen      total 34304K, used 640K [0x00000000d5580000, 0x00000000d7880000, 0x0000000100000000)
  eden space 32768K, 0% used [0x00000000d5580000,0x00000000d5580000,0x00000000d7580000)
  from space 1536K, 41% used [0x00000000d7600000,0x00000000d76a0000,0x00000000d7780000)
  to   space 1024K, 0% used [0x00000000d7780000,0x00000000d7780000,0x00000000d7880000)
 ParOldGen       total 573440K, used 572971K [0x0000000080000000, 0x00000000a3000000, 0x00000000d5580000)
  object space 573440K, 99% used [0x0000000080000000,0x00000000a2f8afb8,0x00000000a3000000)
 Metaspace       used 77330K, committed 78848K, reserved 1179648K
  class space    used 7177K, committed 7808K, reserved 1048576K
}
Event: 228.955 GC heap before
{Heap before GC invocations=173 (full 3):
 PSYoungGen      total 34304K, used 33408K [0x00000000d5580000, 0x00000000d7880000, 0x0000000100000000)
  eden space 32768K, 100% used [0x00000000d5580000,0x00000000d7580000,0x00000000d7580000)
  from space 1536K, 41% used [0x00000000d7600000,0x00000000d76a0000,0x00000000d7780000)
  to   space 1024K, 0% used [0x00000000d7780000,0x00000000d7780000,0x00000000d7880000)
 ParOldGen       total 573440K, used 572971K [0x0000000080000000, 0x00000000a3000000, 0x00000000d5580000)
  object space 573440K, 99% used [0x0000000080000000,0x00000000a2f8afb8,0x00000000a3000000)
 Metaspace       used 77407K, committed 78912K, reserved 1179648K
  class space    used 7185K, committed 7808K, reserved 1048576K
}
Event: 228.956 GC heap after
{Heap after GC invocations=173 (full 3):
 PSYoungGen      total 33280K, used 804K [0x00000000d5580000, 0x00000000d7880000, 0x0000000100000000)
  eden space 32256K, 0% used [0x00000000d5580000,0x00000000d5580000,0x00000000d7500000)
  from space 1024K, 78% used [0x00000000d7780000,0x00000000d7849050,0x00000000d7880000)
  to   space 1024K, 0% used [0x00000000d7680000,0x00000000d7680000,0x00000000d7780000)
 ParOldGen       total 573440K, used 573003K [0x0000000080000000, 0x00000000a3000000, 0x00000000d5580000)
  object space 573440K, 99% used [0x0000000080000000,0x00000000a2f92fb8,0x00000000a3000000)
 Metaspace       used 77407K, committed 78912K, reserved 1179648K
  class space    used 7185K, committed 7808K, reserved 1048576K
}
Event: 229.009 GC heap before
{Heap before GC invocations=174 (full 3):
 PSYoungGen      total 33280K, used 33060K [0x00000000d5580000, 0x00000000d7880000, 0x0000000100000000)
  eden space 32256K, 100% used [0x00000000d5580000,0x00000000d7500000,0x00000000d7500000)
  from space 1024K, 78% used [0x00000000d7780000,0x00000000d7849050,0x00000000d7880000)
  to   space 1024K, 0% used [0x00000000d7680000,0x00000000d7680000,0x00000000d7780000)
 ParOldGen       total 573440K, used 573003K [0x0000000080000000, 0x00000000a3000000, 0x00000000d5580000)
  object space 573440K, 99% used [0x0000000080000000,0x00000000a2f92fb8,0x00000000a3000000)
 Metaspace       used 77439K, committed 78976K, reserved 1179648K
  class space    used 7186K, committed 7808K, reserved 1048576K
}
Event: 229.011 GC heap after
{Heap after GC invocations=174 (full 3):
 PSYoungGen      total 34816K, used 768K [0x00000000d5580000, 0x00000000d7800000, 0x0000000100000000)
  eden space 33792K, 0% used [0x00000000d5580000,0x00000000d5580000,0x00000000d7680000)
  from space 1024K, 75% used [0x00000000d7680000,0x00000000d7740000,0x00000000d7780000)
  to   space 512K, 0% used [0x00000000d7780000,0x00000000d7780000,0x00000000d7800000)
 ParOldGen       total 573952K, used 573456K [0x0000000080000000, 0x00000000a3080000, 0x00000000d5580000)
  object space 573952K, 99% used [0x0000000080000000,0x00000000a3004008,0x00000000a3080000)
 Metaspace       used 77439K, committed 78976K, reserved 1179648K
  class space    used 7186K, committed 7808K, reserved 1048576K
}
Event: 230.092 GC heap before
{Heap before GC invocations=175 (full 3):
 PSYoungGen      total 34816K, used 34246K [0x00000000d5580000, 0x00000000d7800000, 0x0000000100000000)
  eden space 33792K, 99% used [0x00000000d5580000,0x00000000d7631bd0,0x00000000d7680000)
  from space 1024K, 75% used [0x00000000d7680000,0x00000000d7740000,0x00000000d7780000)
  to   space 512K, 0% used [0x00000000d7780000,0x00000000d7780000,0x00000000d7800000)
 ParOldGen       total 573952K, used 573456K [0x0000000080000000, 0x00000000a3080000, 0x00000000d5580000)
  object space 573952K, 99% used [0x0000000080000000,0x00000000a3004008,0x00000000a3080000)
 Metaspace       used 77451K, committed 78976K, reserved 1179648K
  class space    used 7186K, committed 7808K, reserved 1048576K
}
Event: 230.093 GC heap after
{Heap after GC invocations=175 (full 3):
 PSYoungGen      total 32256K, used 489K [0x00000000d5580000, 0x00000000d7c00000, 0x0000000100000000)
  eden space 31744K, 0% used [0x00000000d5580000,0x00000000d5580000,0x00000000d7480000)
  from space 512K, 95% used [0x00000000d7780000,0x00000000d77fa778,0x00000000d7800000)
  to   space 3072K, 0% used [0x00000000d7480000,0x00000000d7480000,0x00000000d7780000)
 ParOldGen       total 575488K, used 575464K [0x0000000080000000, 0x00000000a3200000, 0x00000000d5580000)
  object space 575488K, 99% used [0x0000000080000000,0x00000000a31fa078,0x00000000a3200000)
 Metaspace       used 77451K, committed 78976K, reserved 1179648K
  class space    used 7186K, committed 7808K, reserved 1048576K
}

